Arguments: 
  /usr/local/bin/node /usr/local/Cellar/yarn/1.22.4/libexec/bin/yarn.js add dontenv

PATH: 
  /Users/ianmihuro/.npm-global/bin:/usr/local/bin:/usr/bin:/bin:/usr/sbin:/sbin:/Users/ianmihuro/.npm-global/bin:/Users/ianmihuro/mongodb/bin:/Users/ianmihuro/.npm-global/bin:/Users/ianmihuro/mongodb/bin

Yarn version: 
  1.22.4

Node version: 
  12.16.1

Platform: 
  darwin x64

Trace: 
  Error: https://registry.yarnpkg.com/dontenv: Not found
      at Request.params.callback [as _callback] (/usr/local/Cellar/yarn/1.22.4/libexec/lib/cli.js:66987:18)
      at Request.self.callback (/usr/local/Cellar/yarn/1.22.4/libexec/lib/cli.js:140748:22)
      at Request.emit (events.js:311:20)
      at Request.<anonymous> (/usr/local/Cellar/yarn/1.22.4/libexec/lib/cli.js:141720:10)
      at Request.emit (events.js:311:20)
      at IncomingMessage.<anonymous> (/usr/local/Cellar/yarn/1.22.4/libexec/lib/cli.js:141642:12)
      at Object.onceWrapper (events.js:417:28)
      at IncomingMessage.emit (events.js:323:22)
      at endReadableNT (_stream_readable.js:1204:12)
      at processTicksAndRejections (internal/process/task_queues.js:84:21)

npm manifest: 
  {
    "name": "ian-mihuro-startwars-be",
    "version": "1.0.0",
    "description": "graphql wrapper for the startwars api",
    "main": "dist/index.js",
    "types": "dist/index.d.ts",
    "scripts": {
      "test": "echo \"Error: no test specified\" && exit 1",
      "start": "ts-node index.ts",
      "start-dev": "ts-node nodemon index.ts",
      "build": "tsc"
    },
    "author": "",
    "license": "ISC",
    "devDependencies": {
      "nodemon": "^2.0.7",
      "ts-node": "^9.1.1",
      "typescript": "^4.2.4"
    },
    "dependencies": {
      "apollo-datasource-rest": "^0.13.0",
      "apollo-server-express": "^2.24.0",
      "cors": "^2.8.5",
      "express": "^4.17.1",
      "graphql": "^15.5.0"
    }
  }

yarn manifest: 
  No manifest

Lockfile: 
  No lockfile
